2017-01-04 19:43:00 -- Received query: g.V().has(label,'Subject').has('subjectType',0).has('pid',1001).dedup()by('pid').dedup() <br/>

2017-01-04 19:43:00 -- Retrieved results: 0 <br/>

2017-01-04 19:43:13 -- Received query: g.V().has(label,'Subject').has('pid').dedup() <br/>

2017-01-04 19:43:39 -- Received query: g.V().has('pid').dedup() <br/>

2017-01-04 19:43:59 -- Received query: g.V().has('pid').limit(20).dedup() <br/>

2017-01-04 19:43:59 -- Retrieved results: 20 <br/>

2017-01-04 19:44:11 -- Received query: x = [71090232,38445280,71258344,41214072,70504544,6881368,70443104,462904,8454368,27717704,28258536,37085416,13160656,22859896,36470880,8839256,23757032,31883496,3051616,12710120].toArray(); g.V(x).bothE().dedup() <br/>

2017-01-04 19:44:11 -- Retrieved results: 1779 <br/>

2017-01-04 19:45:01 -- Received query: g.V().has('pid',4304).dedup() <br/>

2017-01-04 19:45:01 -- Retrieved results: 16 <br/>

2017-01-04 19:45:02 -- Received query: results = [71311440,71692408,70607072,71118904,71450696,72691712,70750304,71553096,71258344,71090232,70926336,71569480,70504544,71295208,70742112,73121864].toArray(); existing = ['462904','3051616','6881368','8454368','8839256','12710120','13160656','22859896','23757032','27717704','28258536','31883496','36470880','37085416','38445280','41214072','70443104','70504544','71090232','71258344','71311440','71692408','70607072','71118904','71450696','72691712','70750304','71553096','71258344','71090232','70926336','71569480','70504544','71295208','70742112','73121864'].toArray(); g.V(results).bothE().as('e').and(inV().hasId(existing),outV().hasId(existing)).select('e').dedup() <br/>

2017-01-04 19:45:02 -- Retrieved results: 0 <br/>

2017-01-04 19:43:39 -- Retrieved results: 344 <br/>

2017-01-04 19:43:13 -- Retrieved results: 299 <br/>

2017-01-04 19:56:06 -- Received query: g.V().has('pid',4304) <br/>

2017-01-04 19:56:06 -- Retrieved results: 16 <br/>

2017-01-04 19:56:09 -- Received query: g.V().has('pid',4304) <br/>

2017-01-04 19:56:09 -- Retrieved results: 16 <br/>

2017-01-04 19:56:12 -- Received query: g.V().has('pid',4304).dedup() <br/>

2017-01-04 19:56:12 -- Retrieved results: 16 <br/>

2017-01-04 19:56:12 -- Received query: x = [71692408,71311440,70607072,71118904,71450696,72691712,70750304,71553096,71258344,71090232,70926336,71569480,70504544,71295208,70742112,73121864].toArray(); g.V(x).bothE().dedup() <br/>

2017-01-04 19:56:12 -- Retrieved results: 485 <br/>

